<?xml version="1.0" encoding="UTF-8"?>
<!-- Generated by org.testng.reporters.JUnitXMLReporter -->
<testsuite hostname="Com-18-1208-W10" ignored="0" name="Test2" tests="1" failures="0" timestamp="2019-12-18T15:39:24 ICT" time="0.094" errors="0">
  <testcase name="@BeforeMethod beforeMethod" time="0.078" classname="testNG.Default_TestNG_method">
    <failure type="java.lang.NullPointerException" message="null value in entry: desiredCapabilities=null">
      <![CDATA[java.lang.NullPointerException: null value in entry: desiredCapabilities=null
at com.google.common.collect.CollectPreconditions.checkEntryNotNull(CollectPreconditions.java:32)
at com.google.common.collect.SingletonImmutableBiMap.<init>(SingletonImmutableBiMap.java:42)
at com.google.common.collect.ImmutableBiMap.of(ImmutableBiMap.java:72)
at com.google.common.collect.ImmutableMap.of(ImmutableMap.java:124)
at org.openqa.selenium.remote.RemoteWebDriver.startSession(RemoteWebDriver.java:211)
at org.openqa.selenium.remote.RemoteWebDriver.<init>(RemoteWebDriver.java:131)
at org.openqa.selenium.chrome.ChromeDriver.<init>(ChromeDriver.java:181)
at org.openqa.selenium.chrome.ChromeDriver.<init>(ChromeDriver.java:168)
at org.openqa.selenium.chrome.ChromeDriver.<init>(ChromeDriver.java:157)
at test.utils.BrowserHelper.usingChrome(BrowserHelper.java:37)
at testNG.Default_TestNG_method.beforeMethod(Default_TestNG_method.java:19)
at java.util.ArrayList.forEach(ArrayList.java:1257)
... Removed 31 stack frames]]>
    </failure>
  </testcase> <!-- @BeforeMethod beforeMethod -->
  <testcase name="@AfterMethod afterMethod" time="-1.576658364703E9" classname="testNG.Default_TestNG_method">
    <skipped/>
  </testcase> <!-- @AfterMethod afterMethod -->
  <testcase name="TC_JOOMLA_WEBLINKS_001" time="0.0" classname="testNG.TC02">
    <skipped/>
  </testcase> <!-- TC_JOOMLA_WEBLINKS_001 -->
</testsuite> <!-- Test2 -->
